<?xml version="1.0" encoding="UTF-8"?>
<!-- Generated by org.testng.reporters.JUnitXMLReporter -->
<testsuite ignored="0" hostname="LAPTOP-LLOHTH1K" failures="1" tests="2" name="chromeTest" time="42.187" errors="0" timestamp="2022-10-20T07:47:48 IST">
  <testcase classname="testClasses.VerifyUserCanLogin" name="userLogin" time="2.581"/>
  <testcase classname="testClasses.UserCanGetLowestPrice" name="getLowestPriceProduct" time="10.055">
    <failure type="java.lang.IndexOutOfBoundsException" message="Index 0 out of bounds for length 0">
      <![CDATA[java.lang.IndexOutOfBoundsException: Index 0 out of bounds for length 0
at java.base/jdk.internal.util.Preconditions.outOfBounds(Preconditions.java:100)
at java.base/jdk.internal.util.Preconditions.outOfBoundsCheckIndex(Preconditions.java:106)
at java.base/jdk.internal.util.Preconditions.checkIndex(Preconditions.java:302)
at java.base/java.util.Objects.checkIndex(Objects.java:359)
at java.base/java.util.ArrayList.get(ArrayList.java:427)
at pomClasses.Homepage.getLowestPrice(Homepage.java:55)
at testClasses.UserCanGetLowestPrice.getLowestPriceProduct(UserCanGetLowestPrice.java:61)
at java.base/java.util.ArrayList.forEach(ArrayList.java:1511)
... Removed 25 stack frames]]>
    </failure>
  </testcase> <!-- getLowestPriceProduct -->
</testsuite> <!-- chromeTest -->
